<?xml version="1.0" encoding="UTF-8"?>
<!-- Generated by org.testng.reporters.JUnitXMLReporter -->
<testsuite ignored="0" hostname="MBP-Alaa" failures="0" tests="12" name="/Users/alaafawzy/IdeaProjects/Automation Ex1" time="235.516" errors="0" timestamp="2022-06-26T20:14:53 EET">
  <testcase classname="RegistrationUser" name="RegisterNewUser" time="18.8"/>
  <testcase classname="RegistrationUser" name="RegisterUserWithExistingEmail" time="1.559"/>
  <testcase classname="Login" name="LoginUserWithCorrectEmailAndPassword" time="6.273"/>
  <testcase classname="Login" name="LoginUserWithCorrectEmailAndPassword" time="5.117"/>
  <testcase classname="Login" name="LoginUserWithIncorrectEmailAndPassword" time="1.705"/>
  <testcase classname="Login" name="LoginUserWithIncorrectEmailAndPassword" time="1.161"/>
  <testcase classname="ProductsDeals" name="VerifyAllProductsAndProductDetailPage" time="15.855"/>
  <testcase classname="ProductsDeals" name="VerifyProductQuantityInCart" time="15.791"/>
  <testcase classname="ProductsDeals" name="VerifyAddProductsInCart" time="36.659"/>
  <testcase classname="ProductsDeals" name="PlaceOrderRegisterWhileCheckout" time="53.961"/>
  <testcase classname="ProductsDeals" name="PlaceOrderLoginBeforeCheckout" time="31.807"/>
  <testcase classname="ContactUsForm" name="ContactUs" time="3.346"/>
</testsuite> <!-- /Users/alaafawzy/IdeaProjects/Automation Ex1 -->
